<?xml version="1.0" encoding="UTF-8"?>
<!-- Generated by org.testng.reporters.JUnitXMLReporter -->
<testsuite ignored="0" hostname="chaithanya" failures="0" tests="3" name="SuccessfullyLogin" time="22.818" errors="0" timestamp="2024-10-18T11:24:19 IST">
  <testcase classname="org.testNG.login" name="UI" time="1.662"/>
  <testcase classname="org.testNG.login" name="successfullyLogin" time="4.094"/>
  <testcase classname="org.testNG.login" name="unsuccessfullyLogin" time="1.552"/>
</testsuite> <!-- SuccessfullyLogin -->
