<?xml version="1.0" encoding="UTF-8"?>
<!-- Generated by org.testng.reporters.JUnitXMLReporter -->
<testsuite ignored="0" hostname="chaithanya" failures="0" tests="17" name="All pages" time="69.994" errors="0" timestamp="2024-10-18T11:12:45 IST">
  <testcase classname="org.testNG.login" name="UI" time="1.362"/>
  <testcase classname="org.testNG.account" name="UIOfAccountPage" time="2.791"/>
  <testcase classname="org.testNG.account" name="logout" time="3.046"/>
  <testcase classname="org.testNG.login" name="successfullyLogin" time="5.007"/>
  <testcase classname="org.testNG.login" name="unsuccessfullyLogin" time="2.046"/>
  <testcase classname="org.testNG.moviesDetails" name="UIOnMoviesDetailsOnHomePage" time="5.124"/>
  <testcase classname="org.testNG.search" name="searchMovies" time="3.221"/>
  <testcase classname="org.testNG.moviesDetails" name="UIOnMoviesDetailsOnPopularPage" time="4.496"/>
  <testcase classname="org.testNG.search" name="searchMovies" time="2.353"/>
  <testcase classname="org.testNG.home" name="verifyHomepageElements" time="2.587"/>
  <testcase classname="org.testNG.search" name="searchMovies" time="2.446"/>
  <testcase classname="org.testNG.home" name="testHeaderSectionUI" time="1.531"/>
  <testcase classname="org.testNG.home" name="testHeaderSectionFunctionalities" time="2.57"/>
  <testcase classname="org.testNG.search" name="searchMovies" time="8.225"/>
  <testcase classname="org.testNG.popular" name="verifyMoviesAreDisplayedOnThePopularPage" time="3.312"/>
  <testcase classname="org.testNG.search" name="searchMovies" time="7.236"/>
  <testcase classname="org.testNG.popular" name="VerifyUIElementsOnThePopularPage" time="3.438"/>
</testsuite> <!-- All pages -->
