<?xml version="1.0" encoding="UTF-8"?>
<!-- Generated by org.testng.reporters.JUnitXMLReporter -->
<testsuite ignored="0" hostname="chaithanya" failures="0" tests="5" name="Search functionality" time="44.789" errors="0" timestamp="2024-10-18T11:25:56 IST">
  <testcase classname="org.testNG.search" name="searchMovies" time="2.571"/>
  <testcase classname="org.testNG.search" name="searchMovies" time="2.573"/>
  <testcase classname="org.testNG.search" name="searchMovies" time="2.656"/>
  <testcase classname="org.testNG.search" name="searchMovies" time="7.681"/>
  <testcase classname="org.testNG.search" name="searchMovies" time="7.676"/>
</testsuite> <!-- Search functionality -->
