<?xml version="1.0" encoding="UTF-8"?>
<!-- Generated by org.testng.reporters.JUnitXMLReporter -->
<testsuite ignored="0" hostname="chaithanya" failures="0" tests="3" name="Verify homepage" time="19.876" errors="0" timestamp="2024-10-18T11:24:39 IST">
  <testcase classname="org.testNG.home" name="verifyHomepageElements" time="2.861"/>
  <testcase classname="org.testNG.home" name="testHeaderSectionUI" time="1.775"/>
  <testcase classname="org.testNG.home" name="testHeaderSectionFunctionalities" time="2.121"/>
</testsuite> <!-- Verify homepage -->
