<?xml version="1.0" encoding="UTF-8"?>
<!-- Generated by org.testng.reporters.JUnitXMLReporter -->
<testsuite ignored="0" hostname="chaithanya" failures="0" tests="2" name="Movie Display Functionality" time="15.763" errors="0" timestamp="2024-10-18T11:24:54 IST">
  <testcase classname="org.testNG.popular" name="verifyMoviesAreDisplayedOnThePopularPage" time="3.259"/>
  <testcase classname="org.testNG.popular" name="VerifyUIElementsOnThePopularPage" time="3.485"/>
</testsuite> <!-- Movie Display Functionality -->
